{
  "stats": {
    "suites": 1,
    "tests": 2,
    "passes": 2,
    "pending": 0,
    "failures": 0,
    "start": "2026-04-28T04:20:13.367Z",
    "end": "2026-04-28T04:20:16.995Z",
    "duration": 3628,
    "testsRegistered": 2,
    "passPercent": 100,
    "pendingPercent": 0,
    "other": 0,
    "hasOther": false,
    "skipped": 0,
    "hasSkipped": false
  },
  "results": [
    {
      "uuid": "80bab515-b280-4837-b2ff-a0e3ad84453a",
      "title": "",
      "fullFile": "C:\\KULIAH\\Mini Bootcamp QA\\Sesi-9_Web-UI-Automation-Fundamental\\test\\test-sauce.js",
      "file": "\\test\\test-sauce.js",
      "beforeHooks": [],
      "afterHooks": [],
      "tests": [],
      "suites": [
        {
          "uuid": "88facedc-f6c1-46c9-b78f-284c717718d0",
          "title": "SauceDemo Automation Test",
          "fullFile": "C:\\KULIAH\\Mini Bootcamp QA\\Sesi-9_Web-UI-Automation-Fundamental\\test\\test-sauce.js",
          "file": "\\test\\test-sauce.js",
          "beforeHooks": [
            {
              "title": "\"before each\" hook in \"SauceDemo Automation Test\"",
              "fullTitle": "SauceDemo Automation Test \"before each\" hook in \"SauceDemo Automation Test\"",
              "timedOut": false,
              "duration": 845,
              "state": null,
              "speed": null,
              "pass": false,
              "fail": false,
              "pending": false,
              "context": null,
              "code": "driver = await new Builder().forBrowser('chrome').build();",
              "err": {},
              "uuid": "53c6a953-3a0d-4291-94f0-aa40c298ae0d",
              "parentUUID": "88facedc-f6c1-46c9-b78f-284c717718d0",
              "isHook": true,
              "skipped": false
            }
          ],
          "afterHooks": [
            {
              "title": "\"after each\" hook in \"SauceDemo Automation Test\"",
              "fullTitle": "SauceDemo Automation Test \"after each\" hook in \"SauceDemo Automation Test\"",
              "timedOut": false,
              "duration": 72,
              "state": null,
              "speed": null,
              "pass": false,
              "fail": false,
              "pending": false,
              "context": null,
              "code": "await driver.quit();",
              "err": {},
              "uuid": "8b2a7acd-0889-47a0-aa73-eea56a4cdfdf",
              "parentUUID": "88facedc-f6c1-46c9-b78f-284c717718d0",
              "isHook": true,
              "skipped": false
            }
          ],
          "tests": [
            {
              "title": "Sukses Login",
              "fullTitle": "SauceDemo Automation Test Sukses Login",
              "timedOut": false,
              "duration": 799,
              "state": "passed",
              "speed": "slow",
              "pass": true,
              "fail": false,
              "pending": false,
              "context": null,
              "code": "await login();\nconst url = await driver.getCurrentUrl();\nassert.ok(url.includes('inventory'), 'Login gagal');",
              "err": {},
              "uuid": "15c66293-0319-4d1f-8ad3-2cb21c5fd0ed",
              "parentUUID": "88facedc-f6c1-46c9-b78f-284c717718d0",
              "isHook": false,
              "skipped": false
            },
            {
              "title": "Urutkan Produk dari A-Z",
              "fullTitle": "SauceDemo Automation Test Urutkan Produk dari A-Z",
              "timedOut": false,
              "duration": 948,
              "state": "passed",
              "speed": "slow",
              "pass": true,
              "fail": false,
              "pending": false,
              "context": null,
              "code": "await login();\nconst dropdown = await driver.wait(\n    until.elementLocated(By.className('product_sort_container')),\n    5000\n);\nawait dropdown.sendKeys('az');\nawait driver.wait(async () => {\n    const firstItem = await driver\n        .findElement(By.className('inventory_item_name'))\n        .getText();\n    return firstItem === 'Sauce Labs Backpack';\n}, 5000);\nconst items = await driver.findElements(By.className('inventory_item_name'));\nconst names = [];\nfor (const item of items) {\n    const text = await item.getText();\n    names.push(text);\n}\nconst sortedNames = [...names].sort();\nassert.deepStrictEqual(names, sortedNames, 'Sorting gagal');",
              "err": {},
              "uuid": "d6f68d32-0e9b-429a-b50a-002e68582879",
              "parentUUID": "88facedc-f6c1-46c9-b78f-284c717718d0",
              "isHook": false,
              "skipped": false
            }
          ],
          "suites": [],
          "passes": [
            "15c66293-0319-4d1f-8ad3-2cb21c5fd0ed",
            "d6f68d32-0e9b-429a-b50a-002e68582879"
          ],
          "failures": [],
          "pending": [],
          "skipped": [],
          "duration": 1747,
          "root": false,
          "rootEmpty": false,
          "_timeout": 30000
        }
      ],
      "passes": [],
      "failures": [],
      "pending": [],
      "skipped": [],
      "duration": 0,
      "root": true,
      "rootEmpty": true,
      "_timeout": 60000
    }
  ],
  "meta": {
    "mocha": {
      "version": "10.8.2"
    },
    "mochawesome": {
      "options": {
        "quiet": false,
        "reportFilename": "mochawesome",
        "saveHtml": true,
        "saveJson": true,
        "consoleReporter": "spec",
        "useInlineDiffs": false,
        "code": true
      },
      "version": "7.1.4"
    },
    "marge": {
      "options": null,
      "version": "6.3.2"
    }
  }
}