{
  "stats": {
    "suites": 1,
    "tests": 4,
    "passes": 4,
    "pending": 0,
    "failures": 0,
    "start": "2026-04-29T17:12:59.791Z",
    "end": "2026-04-29T17:13:07.514Z",
    "duration": 7723,
    "testsRegistered": 4,
    "passPercent": 100,
    "pendingPercent": 0,
    "other": 0,
    "hasOther": false,
    "skipped": 0,
    "hasSkipped": false
  },
  "results": [
    {
      "uuid": "7549d492-6f3f-45ca-b324-8348fbddedfc",
      "title": "",
      "fullFile": "C:\\KULIAH\\Mini Bootcamp QA\\Sesi-11_Web-UI-Automation-Advance-Part-2\\test\\specs\\login.test.js",
      "file": "\\test\\specs\\login.test.js",
      "beforeHooks": [],
      "afterHooks": [],
      "tests": [],
      "suites": [
        {
          "uuid": "e89b4577-07d1-44c4-8bf0-41ddb31f5bb5",
          "title": "Login - SauceDemo",
          "fullFile": "C:\\KULIAH\\Mini Bootcamp QA\\Sesi-11_Web-UI-Automation-Advance-Part-2\\test\\specs\\login.test.js",
          "file": "\\test\\specs\\login.test.js",
          "beforeHooks": [
            {
              "title": "\"before each\" hook in \"Login - SauceDemo\"",
              "fullTitle": "Login - SauceDemo \"before each\" hook in \"Login - SauceDemo\"",
              "timedOut": false,
              "duration": 1150,
              "state": null,
              "speed": null,
              "pass": false,
              "fail": false,
              "pending": false,
              "context": null,
              "code": "driver = await new Builder().forBrowser('chrome').build();\nloginAction = new LoginAction(driver);\nsharingAction = new SharingAction(driver);\nawait loginAction.openLoginPage('https://www.saucedemo.com/');",
              "err": {},
              "uuid": "4298c5ec-6d34-4796-a0e5-293836d2e051",
              "parentUUID": "e89b4577-07d1-44c4-8bf0-41ddb31f5bb5",
              "isHook": true,
              "skipped": false
            }
          ],
          "afterHooks": [
            {
              "title": "\"after each\" hook in \"Login - SauceDemo\"",
              "fullTitle": "Login - SauceDemo \"after each\" hook in \"Login - SauceDemo\"",
              "timedOut": false,
              "duration": 50,
              "state": null,
              "speed": null,
              "pass": false,
              "fail": false,
              "pending": false,
              "context": null,
              "code": "await driver.quit();",
              "err": {},
              "uuid": "8e7e067d-8782-48d5-852e-886137afbc44",
              "parentUUID": "e89b4577-07d1-44c4-8bf0-41ddb31f5bb5",
              "isHook": true,
              "skipped": false
            }
          ],
          "tests": [
            {
              "title": "Login berhasil dengan credential valid",
              "fullTitle": "Login - SauceDemo Login berhasil dengan credential valid",
              "timedOut": false,
              "duration": 740,
              "state": "passed",
              "speed": "slow",
              "pass": true,
              "fail": false,
              "pending": false,
              "context": null,
              "code": "await loginAction.inputUsername('standard_user');\nawait loginAction.inputPassword('secret_sauce');\nawait loginAction.clickLogin();\nawait loginAction.assertLoginSuccess();\n// Visual Regression\nawait compareScreenshot(driver, 'login-success');\nawait sharingAction.fullPageScreenshot('login-success');",
              "err": {},
              "uuid": "34b6bebd-51eb-466f-a0bf-f694b341c9f4",
              "parentUUID": "e89b4577-07d1-44c4-8bf0-41ddb31f5bb5",
              "isHook": false,
              "skipped": false
            },
            {
              "title": "Login gagal dengan invalid username",
              "fullTitle": "Login - SauceDemo Login gagal dengan invalid username",
              "timedOut": false,
              "duration": 688,
              "state": "passed",
              "speed": "slow",
              "pass": true,
              "fail": false,
              "pending": false,
              "context": null,
              "code": "await loginAction.inputUsername('invalid_user');\nawait loginAction.inputPassword('secret_sauce');\nawait loginAction.clickLogin();\nawait loginAction.assertLoginFailed('Username and password do not match');\n// Visual Regression\nawait compareScreenshot(driver, 'invalid-username');\nawait sharingAction.fullPageScreenshot('invalid-username');\nawait sharingAction.partialScreenshot(LoginPage.errorMessage, 'error-invalid-username');",
              "err": {},
              "uuid": "3d6a061c-2066-4f7d-bb64-8886fbcf0c8e",
              "parentUUID": "e89b4577-07d1-44c4-8bf0-41ddb31f5bb5",
              "isHook": false,
              "skipped": false
            },
            {
              "title": "Login gagal dengan wrong password",
              "fullTitle": "Login - SauceDemo Login gagal dengan wrong password",
              "timedOut": false,
              "duration": 711,
              "state": "passed",
              "speed": "slow",
              "pass": true,
              "fail": false,
              "pending": false,
              "context": null,
              "code": "await loginAction.inputUsername('standard_user');\nawait loginAction.inputPassword('wrong_password');\nawait loginAction.clickLogin();\nawait loginAction.assertLoginFailed('Username and password do not match');\n// Visual Regression\nawait compareScreenshot(driver, 'wrong-password');\nawait sharingAction.fullPageScreenshot('wrong-password');\nawait sharingAction.partialScreenshot(LoginPage.errorMessage, 'error-wrong-password');",
              "err": {},
              "uuid": "335f312c-bc2d-4be2-b40b-d417220eb02e",
              "parentUUID": "e89b4577-07d1-44c4-8bf0-41ddb31f5bb5",
              "isHook": false,
              "skipped": false
            },
            {
              "title": "Login gagal dengan user terkunci",
              "fullTitle": "Login - SauceDemo Login gagal dengan user terkunci",
              "timedOut": false,
              "duration": 738,
              "state": "passed",
              "speed": "slow",
              "pass": true,
              "fail": false,
              "pending": false,
              "context": null,
              "code": "await loginAction.inputUsername('locked_out_user');\nawait loginAction.inputPassword('secret_sauce');\nawait loginAction.clickLogin();\nawait loginAction.assertLoginFailed('Sorry, this user has been locked out');\n// Visual Regression\nawait compareScreenshot(driver, 'locked-user');\nawait sharingAction.fullPageScreenshot('locked-user');\nawait sharingAction.partialScreenshot(LoginPage.errorMessage, 'error-locked-user');",
              "err": {},
              "uuid": "8e5ee1f7-3c9e-484b-91d2-4ba2b818f021",
              "parentUUID": "e89b4577-07d1-44c4-8bf0-41ddb31f5bb5",
              "isHook": false,
              "skipped": false
            }
          ],
          "suites": [],
          "passes": [
            "34b6bebd-51eb-466f-a0bf-f694b341c9f4",
            "3d6a061c-2066-4f7d-bb64-8886fbcf0c8e",
            "335f312c-bc2d-4be2-b40b-d417220eb02e",
            "8e5ee1f7-3c9e-484b-91d2-4ba2b818f021"
          ],
          "failures": [],
          "pending": [],
          "skipped": [],
          "duration": 2877,
          "root": false,
          "rootEmpty": false,
          "_timeout": 30000
        }
      ],
      "passes": [],
      "failures": [],
      "pending": [],
      "skipped": [],
      "duration": 0,
      "root": true,
      "rootEmpty": true,
      "_timeout": 60000
    }
  ],
  "meta": {
    "mocha": {
      "version": "10.8.2"
    },
    "mochawesome": {
      "options": {
        "quiet": false,
        "reportFilename": "mochawesome",
        "saveHtml": true,
        "saveJson": true,
        "consoleReporter": "spec",
        "useInlineDiffs": false,
        "code": true
      },
      "version": "7.1.4"
    },
    "marge": {
      "options": null,
      "version": "6.3.2"
    }
  }
}